<?xml version="1.0" encoding="UTF-8"?>
<testng-results ignored="0" total="1" passed="1" failed="0" skipped="0">
  <reporter-output>
  </reporter-output>
  <suite started-at="2023-10-17T17:36:06 EDT" name="regression suite" finished-at="2023-10-17T17:36:10 EDT" duration-ms="3734">
    <groups>
    </groups>
    <test started-at="2023-10-17T17:36:06 EDT" name="login sauce demo test" finished-at="2023-10-17T17:36:10 EDT" duration-ms="3734">
      <class name="saucedemotest.dropDown">
        <test-method is-config="true" signature="setUp(java.lang.String,java.lang.String)[pri:0, instance:saucedemotest.dropDown@6a03bcb1]" started-at="2023-10-17T17:36:06 EDT" name="setUp" finished-at="2023-10-17T17:36:09 EDT" duration-ms="2993" status="PASS">
          <params>
            <param index="0">
              <value>
                <![CDATA[http://www.saucedemo.com]]>
              </value>
            </param>
            <param index="1">
              <value>
                <![CDATA[chrome]]>
              </value>
            </param>
          </params>
          <reporter-output>
          </reporter-output>
        </test-method> <!-- setUp -->
        <test-method signature="test1()[pri:0, instance:saucedemotest.dropDown@6a03bcb1]" started-at="2023-10-17T17:36:09 EDT" name="test1" finished-at="2023-10-17T17:36:10 EDT" duration-ms="573" status="PASS">
          <reporter-output>
          </reporter-output>
        </test-method> <!-- test1 -->
        <test-method is-config="true" signature="tearDown()[pri:0, instance:saucedemotest.dropDown@6a03bcb1]" started-at="2023-10-17T17:36:10 EDT" name="tearDown" finished-at="2023-10-17T17:36:10 EDT" duration-ms="95" status="PASS">
          <reporter-output>
          </reporter-output>
        </test-method> <!-- tearDown -->
      </class> <!-- saucedemotest.dropDown -->
    </test> <!-- login sauce demo test -->
  </suite> <!-- regression suite -->
</testng-results>
